2024-05-25T11:59:32.329+05:30  INFO 15604 --- [restartedMain] com.example.demo.DemoApplication         : Starting DemoApplication using Java 17.0.4.1 with PID 15604 (C:\Users\admin\git\marketindicators\demo\target\classes started by admin in C:\Users\admin\git\marketindicators\demo)
2024-05-25T11:59:32.392+05:30  INFO 15604 --- [restartedMain] com.example.demo.DemoApplication         : No active profile set, falling back to 1 default profile: "default"
2024-05-25T11:59:32.616+05:30  INFO 15604 --- [restartedMain] .e.DevToolsPropertyDefaultsPostProcessor : Devtools property defaults active! Set 'spring.devtools.add-properties' to 'false' to disable
2024-05-25T11:59:32.618+05:30  INFO 15604 --- [restartedMain] .e.DevToolsPropertyDefaultsPostProcessor : For additional web related logging consider setting the 'logging.level.web' property to 'DEBUG'
2024-05-25T11:59:35.710+05:30  INFO 15604 --- [restartedMain] .s.d.r.c.RepositoryConfigurationDelegate : Bootstrapping Spring Data JPA repositories in DEFAULT mode.
2024-05-25T11:59:35.912+05:30  INFO 15604 --- [restartedMain] .s.d.r.c.RepositoryConfigurationDelegate : Finished Spring Data repository scanning in 179 ms. Found 6 JPA repository interfaces.
2024-05-25T11:59:38.190+05:30  INFO 15604 --- [restartedMain] o.s.b.w.embedded.tomcat.TomcatWebServer  : Tomcat initialized with port 8443 (http)
2024-05-25T11:59:38.223+05:30  INFO 15604 --- [restartedMain] o.apache.catalina.core.StandardService   : Starting service [Tomcat]
2024-05-25T11:59:38.224+05:30  INFO 15604 --- [restartedMain] o.apache.catalina.core.StandardEngine    : Starting Servlet engine: [Apache Tomcat/10.1.20]
2024-05-25T11:59:39.157+05:30  INFO 15604 --- [restartedMain] org.apache.jasper.servlet.TldScanner     : At least one JAR was scanned for TLDs yet contained no TLDs. Enable debug logging for this logger for a complete list of JARs that were scanned but no TLDs were found in them. Skipping unneeded JARs during scanning can improve startup time and JSP compilation time.
2024-05-25T11:59:39.183+05:30  INFO 15604 --- [restartedMain] o.a.c.c.C.[Tomcat].[localhost].[/]       : Initializing Spring embedded WebApplicationContext
2024-05-25T11:59:39.198+05:30  INFO 15604 --- [restartedMain] w.s.c.ServletWebServerApplicationContext : Root WebApplicationContext: initialization completed in 6577 ms
2024-05-25T11:59:40.022+05:30  INFO 15604 --- [restartedMain] o.hibernate.jpa.internal.util.LogHelper  : HHH000204: Processing PersistenceUnitInfo [name: default]
2024-05-25T11:59:40.297+05:30  INFO 15604 --- [restartedMain] org.hibernate.Version                    : HHH000412: Hibernate ORM core version 6.4.4.Final
2024-05-25T11:59:40.398+05:30  INFO 15604 --- [restartedMain] o.h.c.internal.RegionFactoryInitiator    : HHH000026: Second-level cache disabled
2024-05-25T11:59:41.311+05:30  INFO 15604 --- [restartedMain] o.s.o.j.p.SpringPersistenceUnitInfo      : No LoadTimeWeaver setup: ignoring JPA class transformer
2024-05-25T11:59:41.370+05:30  INFO 15604 --- [restartedMain] com.zaxxer.hikari.HikariDataSource       : HikariPool-1 - Starting...
2024-05-25T11:59:42.185+05:30  INFO 15604 --- [restartedMain] com.zaxxer.hikari.pool.HikariPool        : HikariPool-1 - Added connection com.mysql.cj.jdbc.ConnectionImpl@18112520
2024-05-25T11:59:42.190+05:30  INFO 15604 --- [restartedMain] com.zaxxer.hikari.HikariDataSource       : HikariPool-1 - Start completed.
2024-05-25T11:59:45.377+05:30  INFO 15604 --- [restartedMain] o.h.e.t.j.p.i.JtaPlatformInitiator       : HHH000489: No JTA platform available (set 'hibernate.transaction.jta.platform' to enable JTA platform integration)
2024-05-25T11:59:45.507+05:30  INFO 15604 --- [restartedMain] j.LocalContainerEntityManagerFactoryBean : Initialized JPA EntityManagerFactory for persistence unit 'default'
2024-05-25T11:59:46.755+05:30  INFO 15604 --- [restartedMain] o.s.d.j.r.query.QueryEnhancerFactory     : Hibernate is in classpath; If applicable, HQL parser will be used.
2024-05-25T11:59:48.437+05:30  WARN 15604 --- [restartedMain] JpaBaseConfiguration$JpaWebConfiguration : spring.jpa.open-in-view is enabled by default. Therefore, database queries may be performed during view rendering. Explicitly configure spring.jpa.open-in-view to disable this warning
2024-05-25T11:59:48.714+05:30 DEBUG 15604 --- [restartedMain] s.w.s.m.m.a.RequestMappingHandlerMapping : 18 mappings in 'requestMappingHandlerMapping'
2024-05-25T11:59:49.071+05:30 DEBUG 15604 --- [restartedMain] o.s.w.s.handler.SimpleUrlHandlerMapping  : Patterns [/webjars/**, /static/**] in 'resourceHandlerMapping'
2024-05-25T11:59:49.168+05:30 DEBUG 15604 --- [restartedMain] s.w.s.m.m.a.RequestMappingHandlerAdapter : ControllerAdvice beans: 0 @ModelAttribute, 0 @InitBinder, 1 RequestBodyAdvice, 1 ResponseBodyAdvice
2024-05-25T11:59:49.261+05:30 DEBUG 15604 --- [restartedMain] .m.m.a.ExceptionHandlerExceptionResolver : ControllerAdvice beans: 0 @ExceptionHandler, 1 ResponseBodyAdvice
2024-05-25T11:59:49.650+05:30  INFO 15604 --- [restartedMain] o.s.b.d.a.OptionalLiveReloadServer       : LiveReload server is running on port 35729
2024-05-25T11:59:49.817+05:30  INFO 15604 --- [restartedMain] o.s.b.w.embedded.tomcat.TomcatWebServer  : Tomcat started on port 8443 (http) with context path ''
2024-05-25T11:59:49.846+05:30  INFO 15604 --- [restartedMain] com.example.demo.DemoApplication         : Started DemoApplication in 18.965 seconds (process running for 20.947)
2024-05-25T11:59:49.857+05:30  INFO 15604 --- [restartedMain] com.example.demo.DemoApplication         : This is an info message
2024-05-25T11:59:49.871+05:30  WARN 15604 --- [restartedMain] com.example.demo.DemoApplication         : This is a warn message
2024-05-25T11:59:49.872+05:30 ERROR 15604 --- [restartedMain] com.example.demo.DemoApplication         : This is an error message
2024-05-25T12:04:29.139+05:30  INFO 6824 --- [restartedMain] com.example.demo.DemoApplication         : Starting DemoApplication using Java 17.0.4.1 with PID 6824 (C:\Users\admin\git\marketindicators\demo\target\classes started by admin in C:\Users\admin\git\marketindicators\demo)
2024-05-25T12:04:29.153+05:30  INFO 6824 --- [restartedMain] com.example.demo.DemoApplication         : No active profile set, falling back to 1 default profile: "default"
2024-05-25T12:04:29.326+05:30  INFO 6824 --- [restartedMain] .e.DevToolsPropertyDefaultsPostProcessor : Devtools property defaults active! Set 'spring.devtools.add-properties' to 'false' to disable
2024-05-25T12:04:29.332+05:30  INFO 6824 --- [restartedMain] .e.DevToolsPropertyDefaultsPostProcessor : For additional web related logging consider setting the 'logging.level.web' property to 'DEBUG'
2024-05-25T12:04:30.955+05:30  INFO 6824 --- [restartedMain] .s.d.r.c.RepositoryConfigurationDelegate : Bootstrapping Spring Data JPA repositories in DEFAULT mode.
2024-05-25T12:04:31.172+05:30  INFO 6824 --- [restartedMain] .s.d.r.c.RepositoryConfigurationDelegate : Finished Spring Data repository scanning in 177 ms. Found 6 JPA repository interfaces.
2024-05-25T12:04:33.009+05:30  INFO 6824 --- [restartedMain] o.s.b.w.embedded.tomcat.TomcatWebServer  : Tomcat initialized with port 8443 (http)
2024-05-25T12:04:33.035+05:30  INFO 6824 --- [restartedMain] o.apache.catalina.core.StandardService   : Starting service [Tomcat]
2024-05-25T12:04:33.039+05:30  INFO 6824 --- [restartedMain] o.apache.catalina.core.StandardEngine    : Starting Servlet engine: [Apache Tomcat/10.1.20]
2024-05-25T12:04:33.487+05:30  INFO 6824 --- [restartedMain] org.apache.jasper.servlet.TldScanner     : At least one JAR was scanned for TLDs yet contained no TLDs. Enable debug logging for this logger for a complete list of JARs that were scanned but no TLDs were found in them. Skipping unneeded JARs during scanning can improve startup time and JSP compilation time.
2024-05-25T12:04:33.503+05:30  INFO 6824 --- [restartedMain] o.a.c.c.C.[Tomcat].[localhost].[/]       : Initializing Spring embedded WebApplicationContext
2024-05-25T12:04:33.507+05:30  INFO 6824 --- [restartedMain] w.s.c.ServletWebServerApplicationContext : Root WebApplicationContext: initialization completed in 4172 ms
2024-05-25T12:04:33.925+05:30  INFO 6824 --- [restartedMain] o.hibernate.jpa.internal.util.LogHelper  : HHH000204: Processing PersistenceUnitInfo [name: default]
2024-05-25T12:04:34.053+05:30  INFO 6824 --- [restartedMain] org.hibernate.Version                    : HHH000412: Hibernate ORM core version 6.4.4.Final
2024-05-25T12:04:34.146+05:30  INFO 6824 --- [restartedMain] o.h.c.internal.RegionFactoryInitiator    : HHH000026: Second-level cache disabled
2024-05-25T12:04:34.723+05:30  INFO 6824 --- [restartedMain] o.s.o.j.p.SpringPersistenceUnitInfo      : No LoadTimeWeaver setup: ignoring JPA class transformer
2024-05-25T12:04:34.797+05:30  INFO 6824 --- [restartedMain] com.zaxxer.hikari.HikariDataSource       : HikariPool-1 - Starting...
2024-05-25T12:04:35.515+05:30  INFO 6824 --- [restartedMain] com.zaxxer.hikari.pool.HikariPool        : HikariPool-1 - Added connection com.mysql.cj.jdbc.ConnectionImpl@4fe65daf
2024-05-25T12:04:35.520+05:30  INFO 6824 --- [restartedMain] com.zaxxer.hikari.HikariDataSource       : HikariPool-1 - Start completed.
2024-05-25T12:04:38.113+05:30  INFO 6824 --- [restartedMain] o.h.e.t.j.p.i.JtaPlatformInitiator       : HHH000489: No JTA platform available (set 'hibernate.transaction.jta.platform' to enable JTA platform integration)
2024-05-25T12:04:38.346+05:30  INFO 6824 --- [restartedMain] j.LocalContainerEntityManagerFactoryBean : Initialized JPA EntityManagerFactory for persistence unit 'default'
2024-05-25T12:04:39.234+05:30  INFO 6824 --- [restartedMain] o.s.d.j.r.query.QueryEnhancerFactory     : Hibernate is in classpath; If applicable, HQL parser will be used.
2024-05-25T12:04:40.570+05:30  WARN 6824 --- [restartedMain] JpaBaseConfiguration$JpaWebConfiguration : spring.jpa.open-in-view is enabled by default. Therefore, database queries may be performed during view rendering. Explicitly configure spring.jpa.open-in-view to disable this warning
2024-05-25T12:04:40.805+05:30 DEBUG 6824 --- [restartedMain] s.w.s.m.m.a.RequestMappingHandlerMapping : 18 mappings in 'requestMappingHandlerMapping'
2024-05-25T12:04:41.043+05:30 DEBUG 6824 --- [restartedMain] o.s.w.s.handler.SimpleUrlHandlerMapping  : Patterns [/webjars/**, /static/**] in 'resourceHandlerMapping'
2024-05-25T12:04:41.123+05:30 DEBUG 6824 --- [restartedMain] s.w.s.m.m.a.RequestMappingHandlerAdapter : ControllerAdvice beans: 0 @ModelAttribute, 0 @InitBinder, 1 RequestBodyAdvice, 1 ResponseBodyAdvice
2024-05-25T12:04:41.194+05:30 DEBUG 6824 --- [restartedMain] .m.m.a.ExceptionHandlerExceptionResolver : ControllerAdvice beans: 0 @ExceptionHandler, 1 ResponseBodyAdvice
2024-05-25T12:04:41.539+05:30  INFO 6824 --- [restartedMain] o.s.b.d.a.OptionalLiveReloadServer       : LiveReload server is running on port 35729
2024-05-25T12:04:41.635+05:30  INFO 6824 --- [restartedMain] o.s.b.w.embedded.tomcat.TomcatWebServer  : Tomcat started on port 8443 (http) with context path ''
2024-05-25T12:04:41.662+05:30  INFO 6824 --- [restartedMain] com.example.demo.DemoApplication         : Started DemoApplication in 13.474 seconds (process running for 14.669)
2024-05-25T12:04:41.676+05:30  INFO 6824 --- [restartedMain] com.example.demo.DemoApplication         : This is an info message
2024-05-25T12:04:41.683+05:30  WARN 6824 --- [restartedMain] com.example.demo.DemoApplication         : This is a warn message
2024-05-25T12:04:41.689+05:30 ERROR 6824 --- [restartedMain] com.example.demo.DemoApplication         : This is an error message
2024-05-25T12:12:42.625+05:30  INFO 11708 --- [restartedMain] com.example.demo.DemoApplication         : Starting DemoApplication using Java 17.0.4.1 with PID 11708 (C:\Users\admin\git\marketindicators\demo\target\classes started by admin in C:\Users\admin\git\marketindicators\demo)
2024-05-25T12:12:42.641+05:30  INFO 11708 --- [restartedMain] com.example.demo.DemoApplication         : No active profile set, falling back to 1 default profile: "default"
2024-05-25T12:12:42.813+05:30  INFO 11708 --- [restartedMain] .e.DevToolsPropertyDefaultsPostProcessor : Devtools property defaults active! Set 'spring.devtools.add-properties' to 'false' to disable
2024-05-25T12:12:42.819+05:30  INFO 11708 --- [restartedMain] .e.DevToolsPropertyDefaultsPostProcessor : For additional web related logging consider setting the 'logging.level.web' property to 'DEBUG'
2024-05-25T12:12:44.673+05:30  INFO 11708 --- [restartedMain] .s.d.r.c.RepositoryConfigurationDelegate : Bootstrapping Spring Data JPA repositories in DEFAULT mode.
2024-05-25T12:12:44.891+05:30  INFO 11708 --- [restartedMain] .s.d.r.c.RepositoryConfigurationDelegate : Finished Spring Data repository scanning in 188 ms. Found 6 JPA repository interfaces.
2024-05-25T12:12:46.814+05:30  INFO 11708 --- [restartedMain] o.s.b.w.embedded.tomcat.TomcatWebServer  : Tomcat initialized with port 8443 (http)
2024-05-25T12:12:46.845+05:30  INFO 11708 --- [restartedMain] o.apache.catalina.core.StandardService   : Starting service [Tomcat]
2024-05-25T12:12:46.851+05:30  INFO 11708 --- [restartedMain] o.apache.catalina.core.StandardEngine    : Starting Servlet engine: [Apache Tomcat/10.1.20]
2024-05-25T12:12:47.351+05:30  INFO 11708 --- [restartedMain] org.apache.jasper.servlet.TldScanner     : At least one JAR was scanned for TLDs yet contained no TLDs. Enable debug logging for this logger for a complete list of JARs that were scanned but no TLDs were found in them. Skipping unneeded JARs during scanning can improve startup time and JSP compilation time.
2024-05-25T12:12:47.371+05:30  INFO 11708 --- [restartedMain] o.a.c.c.C.[Tomcat].[localhost].[/]       : Initializing Spring embedded WebApplicationContext
2024-05-25T12:12:47.374+05:30  INFO 11708 --- [restartedMain] w.s.c.ServletWebServerApplicationContext : Root WebApplicationContext: initialization completed in 4553 ms
2024-05-25T12:12:47.805+05:30  INFO 11708 --- [restartedMain] o.hibernate.jpa.internal.util.LogHelper  : HHH000204: Processing PersistenceUnitInfo [name: default]
2024-05-25T12:12:47.979+05:30  INFO 11708 --- [restartedMain] org.hibernate.Version                    : HHH000412: Hibernate ORM core version 6.4.4.Final
2024-05-25T12:12:48.076+05:30  INFO 11708 --- [restartedMain] o.h.c.internal.RegionFactoryInitiator    : HHH000026: Second-level cache disabled
2024-05-25T12:12:48.686+05:30  INFO 11708 --- [restartedMain] o.s.o.j.p.SpringPersistenceUnitInfo      : No LoadTimeWeaver setup: ignoring JPA class transformer
2024-05-25T12:12:48.760+05:30  INFO 11708 --- [restartedMain] com.zaxxer.hikari.HikariDataSource       : HikariPool-1 - Starting...
2024-05-25T12:12:49.368+05:30  INFO 11708 --- [restartedMain] com.zaxxer.hikari.pool.HikariPool        : HikariPool-1 - Added connection com.mysql.cj.jdbc.ConnectionImpl@2b492eeb
2024-05-25T12:12:49.375+05:30  INFO 11708 --- [restartedMain] com.zaxxer.hikari.HikariDataSource       : HikariPool-1 - Start completed.
2024-05-25T12:12:52.164+05:30  INFO 11708 --- [restartedMain] o.h.e.t.j.p.i.JtaPlatformInitiator       : HHH000489: No JTA platform available (set 'hibernate.transaction.jta.platform' to enable JTA platform integration)
2024-05-25T12:12:52.340+05:30  INFO 11708 --- [restartedMain] j.LocalContainerEntityManagerFactoryBean : Initialized JPA EntityManagerFactory for persistence unit 'default'
2024-05-25T12:12:53.235+05:30  INFO 11708 --- [restartedMain] o.s.d.j.r.query.QueryEnhancerFactory     : Hibernate is in classpath; If applicable, HQL parser will be used.
2024-05-25T12:12:54.777+05:30  WARN 11708 --- [restartedMain] JpaBaseConfiguration$JpaWebConfiguration : spring.jpa.open-in-view is enabled by default. Therefore, database queries may be performed during view rendering. Explicitly configure spring.jpa.open-in-view to disable this warning
2024-05-25T12:12:55.088+05:30 DEBUG 11708 --- [restartedMain] s.w.s.m.m.a.RequestMappingHandlerMapping : 18 mappings in 'requestMappingHandlerMapping'
2024-05-25T12:12:55.355+05:30 DEBUG 11708 --- [restartedMain] o.s.w.s.handler.SimpleUrlHandlerMapping  : Patterns [/webjars/**, /static/**] in 'resourceHandlerMapping'
2024-05-25T12:12:55.442+05:30 DEBUG 11708 --- [restartedMain] s.w.s.m.m.a.RequestMappingHandlerAdapter : ControllerAdvice beans: 0 @ModelAttribute, 0 @InitBinder, 1 RequestBodyAdvice, 1 ResponseBodyAdvice
2024-05-25T12:12:55.524+05:30 DEBUG 11708 --- [restartedMain] .m.m.a.ExceptionHandlerExceptionResolver : ControllerAdvice beans: 0 @ExceptionHandler, 1 ResponseBodyAdvice
2024-05-25T12:12:55.921+05:30  INFO 11708 --- [restartedMain] o.s.b.d.a.OptionalLiveReloadServer       : LiveReload server is running on port 35729
2024-05-25T12:12:56.040+05:30  INFO 11708 --- [restartedMain] o.s.b.w.embedded.tomcat.TomcatWebServer  : Tomcat started on port 8443 (http) with context path ''
2024-05-25T12:12:56.073+05:30  INFO 11708 --- [restartedMain] com.example.demo.DemoApplication         : Started DemoApplication in 14.46 seconds (process running for 15.67)
2024-05-25T12:12:56.082+05:30  INFO 11708 --- [restartedMain] com.example.demo.DemoApplication         : This is an info message
2024-05-25T12:12:56.086+05:30  WARN 11708 --- [restartedMain] com.example.demo.DemoApplication         : This is a warn message
2024-05-25T12:12:56.088+05:30 ERROR 11708 --- [restartedMain] com.example.demo.DemoApplication         : This is an error message
2024-05-25T12:13:45.137+05:30  INFO 7536 --- [restartedMain] com.example.demo.DemoApplication         : Starting DemoApplication using Java 17.0.4.1 with PID 7536 (C:\Users\admin\git\marketindicators\demo\target\classes started by admin in C:\Users\admin\git\marketindicators\demo)
2024-05-25T12:13:45.146+05:30  INFO 7536 --- [restartedMain] com.example.demo.DemoApplication         : No active profile set, falling back to 1 default profile: "default"
2024-05-25T12:13:45.312+05:30  INFO 7536 --- [restartedMain] .e.DevToolsPropertyDefaultsPostProcessor : Devtools property defaults active! Set 'spring.devtools.add-properties' to 'false' to disable
2024-05-25T12:13:45.314+05:30  INFO 7536 --- [restartedMain] .e.DevToolsPropertyDefaultsPostProcessor : For additional web related logging consider setting the 'logging.level.web' property to 'DEBUG'
2024-05-25T12:13:47.131+05:30  INFO 7536 --- [restartedMain] .s.d.r.c.RepositoryConfigurationDelegate : Bootstrapping Spring Data JPA repositories in DEFAULT mode.
2024-05-25T12:13:47.333+05:30  INFO 7536 --- [restartedMain] .s.d.r.c.RepositoryConfigurationDelegate : Finished Spring Data repository scanning in 177 ms. Found 6 JPA repository interfaces.
2024-05-25T12:13:49.244+05:30  INFO 7536 --- [restartedMain] o.s.b.w.embedded.tomcat.TomcatWebServer  : Tomcat initialized with port 8443 (http)
2024-05-25T12:13:49.268+05:30  INFO 7536 --- [restartedMain] o.apache.catalina.core.StandardService   : Starting service [Tomcat]
2024-05-25T12:13:49.272+05:30  INFO 7536 --- [restartedMain] o.apache.catalina.core.StandardEngine    : Starting Servlet engine: [Apache Tomcat/10.1.20]
2024-05-25T12:13:49.787+05:30  INFO 7536 --- [restartedMain] org.apache.jasper.servlet.TldScanner     : At least one JAR was scanned for TLDs yet contained no TLDs. Enable debug logging for this logger for a complete list of JARs that were scanned but no TLDs were found in them. Skipping unneeded JARs during scanning can improve startup time and JSP compilation time.
2024-05-25T12:13:49.804+05:30  INFO 7536 --- [restartedMain] o.a.c.c.C.[Tomcat].[localhost].[/]       : Initializing Spring embedded WebApplicationContext
2024-05-25T12:13:49.810+05:30  INFO 7536 --- [restartedMain] w.s.c.ServletWebServerApplicationContext : Root WebApplicationContext: initialization completed in 4492 ms
2024-05-25T12:13:50.220+05:30  INFO 7536 --- [restartedMain] o.hibernate.jpa.internal.util.LogHelper  : HHH000204: Processing PersistenceUnitInfo [name: default]
2024-05-25T12:13:50.390+05:30  INFO 7536 --- [restartedMain] org.hibernate.Version                    : HHH000412: Hibernate ORM core version 6.4.4.Final
2024-05-25T12:13:50.490+05:30  INFO 7536 --- [restartedMain] o.h.c.internal.RegionFactoryInitiator    : HHH000026: Second-level cache disabled
2024-05-25T12:13:51.069+05:30  INFO 7536 --- [restartedMain] o.s.o.j.p.SpringPersistenceUnitInfo      : No LoadTimeWeaver setup: ignoring JPA class transformer
2024-05-25T12:13:51.211+05:30  INFO 7536 --- [restartedMain] com.zaxxer.hikari.HikariDataSource       : HikariPool-1 - Starting...
2024-05-25T12:13:51.885+05:30  INFO 7536 --- [restartedMain] com.zaxxer.hikari.pool.HikariPool        : HikariPool-1 - Added connection com.mysql.cj.jdbc.ConnectionImpl@156306f9
2024-05-25T12:13:51.893+05:30  INFO 7536 --- [restartedMain] com.zaxxer.hikari.HikariDataSource       : HikariPool-1 - Start completed.
2024-05-25T12:13:54.562+05:30  INFO 7536 --- [restartedMain] o.h.e.t.j.p.i.JtaPlatformInitiator       : HHH000489: No JTA platform available (set 'hibernate.transaction.jta.platform' to enable JTA platform integration)
2024-05-25T12:13:54.700+05:30  INFO 7536 --- [restartedMain] j.LocalContainerEntityManagerFactoryBean : Initialized JPA EntityManagerFactory for persistence unit 'default'
2024-05-25T12:13:55.600+05:30  INFO 7536 --- [restartedMain] o.s.d.j.r.query.QueryEnhancerFactory     : Hibernate is in classpath; If applicable, HQL parser will be used.
2024-05-25T12:13:57.145+05:30  WARN 7536 --- [restartedMain] JpaBaseConfiguration$JpaWebConfiguration : spring.jpa.open-in-view is enabled by default. Therefore, database queries may be performed during view rendering. Explicitly configure spring.jpa.open-in-view to disable this warning
2024-05-25T12:13:57.418+05:30 DEBUG 7536 --- [restartedMain] s.w.s.m.m.a.RequestMappingHandlerMapping : 18 mappings in 'requestMappingHandlerMapping'
2024-05-25T12:13:57.665+05:30 DEBUG 7536 --- [restartedMain] o.s.w.s.handler.SimpleUrlHandlerMapping  : Patterns [/webjars/**, /static/**] in 'resourceHandlerMapping'
2024-05-25T12:13:57.775+05:30 DEBUG 7536 --- [restartedMain] s.w.s.m.m.a.RequestMappingHandlerAdapter : ControllerAdvice beans: 0 @ModelAttribute, 0 @InitBinder, 1 RequestBodyAdvice, 1 ResponseBodyAdvice
2024-05-25T12:13:57.855+05:30 DEBUG 7536 --- [restartedMain] .m.m.a.ExceptionHandlerExceptionResolver : ControllerAdvice beans: 0 @ExceptionHandler, 1 ResponseBodyAdvice
2024-05-25T12:13:58.236+05:30  INFO 7536 --- [restartedMain] o.s.b.d.a.OptionalLiveReloadServer       : LiveReload server is running on port 35729
2024-05-25T12:13:58.349+05:30  INFO 7536 --- [restartedMain] o.s.b.w.embedded.tomcat.TomcatWebServer  : Tomcat started on port 8443 (http) with context path ''
2024-05-25T12:13:58.387+05:30  INFO 7536 --- [restartedMain] com.example.demo.DemoApplication         : Started DemoApplication in 14.3 seconds (process running for 15.487)
2024-05-25T12:13:58.402+05:30  INFO 7536 --- [restartedMain] com.example.demo.DemoApplication         : This is an info message
2024-05-25T12:13:58.407+05:30  WARN 7536 --- [restartedMain] com.example.demo.DemoApplication         : This is a warn message
2024-05-25T12:13:58.411+05:30 ERROR 7536 --- [restartedMain] com.example.demo.DemoApplication         : This is an error message
2024-05-25T12:18:26.374+05:30  INFO 5292 --- [restartedMain] com.example.demo.DemoApplication         : Starting DemoApplication using Java 17.0.4.1 with PID 5292 (C:\Users\admin\git\marketindicators\demo\target\classes started by admin in C:\Users\admin\git\marketindicators\demo)
2024-05-25T12:18:26.386+05:30  INFO 5292 --- [restartedMain] com.example.demo.DemoApplication         : No active profile set, falling back to 1 default profile: "default"
2024-05-25T12:18:26.553+05:30  INFO 5292 --- [restartedMain] .e.DevToolsPropertyDefaultsPostProcessor : Devtools property defaults active! Set 'spring.devtools.add-properties' to 'false' to disable
2024-05-25T12:18:26.563+05:30  INFO 5292 --- [restartedMain] .e.DevToolsPropertyDefaultsPostProcessor : For additional web related logging consider setting the 'logging.level.web' property to 'DEBUG'
2024-05-25T12:18:28.408+05:30  INFO 5292 --- [restartedMain] .s.d.r.c.RepositoryConfigurationDelegate : Bootstrapping Spring Data JPA repositories in DEFAULT mode.
2024-05-25T12:18:29.444+05:30  INFO 5292 --- [restartedMain] .s.d.r.c.RepositoryConfigurationDelegate : Finished Spring Data repository scanning in 1005 ms. Found 6 JPA repository interfaces.
2024-05-25T12:18:32.301+05:30  INFO 5292 --- [restartedMain] o.s.b.w.embedded.tomcat.TomcatWebServer  : Tomcat initialized with port 8443 (http)
2024-05-25T12:18:32.369+05:30  INFO 5292 --- [restartedMain] o.apache.catalina.core.StandardService   : Starting service [Tomcat]
2024-05-25T12:18:32.370+05:30  INFO 5292 --- [restartedMain] o.apache.catalina.core.StandardEngine    : Starting Servlet engine: [Apache Tomcat/10.1.20]
2024-05-25T12:18:32.860+05:30  INFO 5292 --- [restartedMain] org.apache.jasper.servlet.TldScanner     : At least one JAR was scanned for TLDs yet contained no TLDs. Enable debug logging for this logger for a complete list of JARs that were scanned but no TLDs were found in them. Skipping unneeded JARs during scanning can improve startup time and JSP compilation time.
2024-05-25T12:18:32.878+05:30  INFO 5292 --- [restartedMain] o.a.c.c.C.[Tomcat].[localhost].[/]       : Initializing Spring embedded WebApplicationContext
2024-05-25T12:18:32.884+05:30  INFO 5292 --- [restartedMain] w.s.c.ServletWebServerApplicationContext : Root WebApplicationContext: initialization completed in 6315 ms
2024-05-25T12:18:33.351+05:30  INFO 5292 --- [restartedMain] o.hibernate.jpa.internal.util.LogHelper  : HHH000204: Processing PersistenceUnitInfo [name: default]
2024-05-25T12:18:33.510+05:30  INFO 5292 --- [restartedMain] org.hibernate.Version                    : HHH000412: Hibernate ORM core version 6.4.4.Final
2024-05-25T12:18:33.614+05:30  INFO 5292 --- [restartedMain] o.h.c.internal.RegionFactoryInitiator    : HHH000026: Second-level cache disabled
2024-05-25T12:18:34.168+05:30  INFO 5292 --- [restartedMain] o.s.o.j.p.SpringPersistenceUnitInfo      : No LoadTimeWeaver setup: ignoring JPA class transformer
2024-05-25T12:18:34.249+05:30  INFO 5292 --- [restartedMain] com.zaxxer.hikari.HikariDataSource       : HikariPool-1 - Starting...
2024-05-25T12:18:34.903+05:30  INFO 5292 --- [restartedMain] com.zaxxer.hikari.pool.HikariPool        : HikariPool-1 - Added connection com.mysql.cj.jdbc.ConnectionImpl@6441aef1
2024-05-25T12:18:34.909+05:30  INFO 5292 --- [restartedMain] com.zaxxer.hikari.HikariDataSource       : HikariPool-1 - Start completed.
2024-05-25T12:18:37.529+05:30  INFO 5292 --- [restartedMain] o.h.e.t.j.p.i.JtaPlatformInitiator       : HHH000489: No JTA platform available (set 'hibernate.transaction.jta.platform' to enable JTA platform integration)
2024-05-25T12:18:37.678+05:30  INFO 5292 --- [restartedMain] j.LocalContainerEntityManagerFactoryBean : Initialized JPA EntityManagerFactory for persistence unit 'default'
2024-05-25T12:18:38.507+05:30  INFO 5292 --- [restartedMain] o.s.d.j.r.query.QueryEnhancerFactory     : Hibernate is in classpath; If applicable, HQL parser will be used.
2024-05-25T12:18:39.831+05:30  WARN 5292 --- [restartedMain] JpaBaseConfiguration$JpaWebConfiguration : spring.jpa.open-in-view is enabled by default. Therefore, database queries may be performed during view rendering. Explicitly configure spring.jpa.open-in-view to disable this warning
2024-05-25T12:18:40.069+05:30 DEBUG 5292 --- [restartedMain] s.w.s.m.m.a.RequestMappingHandlerMapping : 18 mappings in 'requestMappingHandlerMapping'
2024-05-25T12:18:40.275+05:30 DEBUG 5292 --- [restartedMain] o.s.w.s.handler.SimpleUrlHandlerMapping  : Patterns [/webjars/**, /static/**] in 'resourceHandlerMapping'
2024-05-25T12:18:40.356+05:30 DEBUG 5292 --- [restartedMain] s.w.s.m.m.a.RequestMappingHandlerAdapter : ControllerAdvice beans: 0 @ModelAttribute, 0 @InitBinder, 1 RequestBodyAdvice, 1 ResponseBodyAdvice
2024-05-25T12:18:40.438+05:30 DEBUG 5292 --- [restartedMain] .m.m.a.ExceptionHandlerExceptionResolver : ControllerAdvice beans: 0 @ExceptionHandler, 1 ResponseBodyAdvice
2024-05-25T12:18:40.790+05:30  INFO 5292 --- [restartedMain] o.s.b.d.a.OptionalLiveReloadServer       : LiveReload server is running on port 35729
2024-05-25T12:18:40.896+05:30  INFO 5292 --- [restartedMain] o.s.b.w.embedded.tomcat.TomcatWebServer  : Tomcat started on port 8443 (http) with context path ''
2024-05-25T12:18:40.934+05:30  INFO 5292 --- [restartedMain] com.example.demo.DemoApplication         : Started DemoApplication in 15.577 seconds (process running for 16.872)
2024-05-25T12:18:40.945+05:30  INFO 5292 --- [restartedMain] com.example.demo.DemoApplication         : This is an info message
2024-05-25T12:18:40.950+05:30  WARN 5292 --- [restartedMain] com.example.demo.DemoApplication         : This is a warn message
2024-05-25T12:18:40.953+05:30 ERROR 5292 --- [restartedMain] com.example.demo.DemoApplication         : This is an error message
2024-05-25T12:22:03.441+05:30  INFO 15088 --- [restartedMain] com.example.demo.DemoApplication         : Starting DemoApplication using Java 17.0.4.1 with PID 15088 (C:\Users\admin\git\marketindicators\demo\target\classes started by admin in C:\Users\admin\git\marketindicators\demo)
2024-05-25T12:22:03.452+05:30  INFO 15088 --- [restartedMain] com.example.demo.DemoApplication         : No active profile set, falling back to 1 default profile: "default"
2024-05-25T12:22:03.611+05:30  INFO 15088 --- [restartedMain] .e.DevToolsPropertyDefaultsPostProcessor : Devtools property defaults active! Set 'spring.devtools.add-properties' to 'false' to disable
2024-05-25T12:22:03.618+05:30  INFO 15088 --- [restartedMain] .e.DevToolsPropertyDefaultsPostProcessor : For additional web related logging consider setting the 'logging.level.web' property to 'DEBUG'
2024-05-25T12:22:05.302+05:30  INFO 15088 --- [restartedMain] .s.d.r.c.RepositoryConfigurationDelegate : Bootstrapping Spring Data JPA repositories in DEFAULT mode.
2024-05-25T12:22:05.509+05:30  INFO 15088 --- [restartedMain] .s.d.r.c.RepositoryConfigurationDelegate : Finished Spring Data repository scanning in 175 ms. Found 6 JPA repository interfaces.
2024-05-25T12:22:07.427+05:30  INFO 15088 --- [restartedMain] o.s.b.w.embedded.tomcat.TomcatWebServer  : Tomcat initialized with port 8443 (http)
2024-05-25T12:22:07.465+05:30  INFO 15088 --- [restartedMain] o.apache.catalina.core.StandardService   : Starting service [Tomcat]
2024-05-25T12:22:07.468+05:30  INFO 15088 --- [restartedMain] o.apache.catalina.core.StandardEngine    : Starting Servlet engine: [Apache Tomcat/10.1.20]
2024-05-25T12:22:07.998+05:30  INFO 15088 --- [restartedMain] org.apache.jasper.servlet.TldScanner     : At least one JAR was scanned for TLDs yet contained no TLDs. Enable debug logging for this logger for a complete list of JARs that were scanned but no TLDs were found in them. Skipping unneeded JARs during scanning can improve startup time and JSP compilation time.
2024-05-25T12:22:08.017+05:30  INFO 15088 --- [restartedMain] o.a.c.c.C.[Tomcat].[localhost].[/]       : Initializing Spring embedded WebApplicationContext
2024-05-25T12:22:08.020+05:30  INFO 15088 --- [restartedMain] w.s.c.ServletWebServerApplicationContext : Root WebApplicationContext: initialization completed in 4398 ms
2024-05-25T12:22:08.460+05:30  INFO 15088 --- [restartedMain] o.hibernate.jpa.internal.util.LogHelper  : HHH000204: Processing PersistenceUnitInfo [name: default]
2024-05-25T12:22:08.651+05:30  INFO 15088 --- [restartedMain] org.hibernate.Version                    : HHH000412: Hibernate ORM core version 6.4.4.Final
2024-05-25T12:22:08.743+05:30  INFO 15088 --- [restartedMain] o.h.c.internal.RegionFactoryInitiator    : HHH000026: Second-level cache disabled
2024-05-25T12:22:09.283+05:30  INFO 15088 --- [restartedMain] o.s.o.j.p.SpringPersistenceUnitInfo      : No LoadTimeWeaver setup: ignoring JPA class transformer
2024-05-25T12:22:09.362+05:30  INFO 15088 --- [restartedMain] com.zaxxer.hikari.HikariDataSource       : HikariPool-1 - Starting...
2024-05-25T12:22:09.944+05:30  INFO 15088 --- [restartedMain] com.zaxxer.hikari.pool.HikariPool        : HikariPool-1 - Added connection com.mysql.cj.jdbc.ConnectionImpl@1a6e1086
2024-05-25T12:22:09.952+05:30  INFO 15088 --- [restartedMain] com.zaxxer.hikari.HikariDataSource       : HikariPool-1 - Start completed.
2024-05-25T12:22:13.662+05:30  INFO 15088 --- [restartedMain] o.h.e.t.j.p.i.JtaPlatformInitiator       : HHH000489: No JTA platform available (set 'hibernate.transaction.jta.platform' to enable JTA platform integration)
2024-05-25T12:22:13.854+05:30  INFO 15088 --- [restartedMain] j.LocalContainerEntityManagerFactoryBean : Initialized JPA EntityManagerFactory for persistence unit 'default'
2024-05-25T12:22:14.786+05:30  INFO 15088 --- [restartedMain] o.s.d.j.r.query.QueryEnhancerFactory     : Hibernate is in classpath; If applicable, HQL parser will be used.
2024-05-25T12:22:16.278+05:30  WARN 15088 --- [restartedMain] JpaBaseConfiguration$JpaWebConfiguration : spring.jpa.open-in-view is enabled by default. Therefore, database queries may be performed during view rendering. Explicitly configure spring.jpa.open-in-view to disable this warning
2024-05-25T12:22:16.530+05:30 DEBUG 15088 --- [restartedMain] s.w.s.m.m.a.RequestMappingHandlerMapping : 18 mappings in 'requestMappingHandlerMapping'
2024-05-25T12:22:16.799+05:30 DEBUG 15088 --- [restartedMain] o.s.w.s.handler.SimpleUrlHandlerMapping  : Patterns [/webjars/**, /static/**] in 'resourceHandlerMapping'
2024-05-25T12:22:16.908+05:30 DEBUG 15088 --- [restartedMain] s.w.s.m.m.a.RequestMappingHandlerAdapter : ControllerAdvice beans: 0 @ModelAttribute, 0 @InitBinder, 1 RequestBodyAdvice, 1 ResponseBodyAdvice
2024-05-25T12:22:17.016+05:30 DEBUG 15088 --- [restartedMain] .m.m.a.ExceptionHandlerExceptionResolver : ControllerAdvice beans: 0 @ExceptionHandler, 1 ResponseBodyAdvice
2024-05-25T12:22:17.425+05:30  INFO 15088 --- [restartedMain] o.s.b.d.a.OptionalLiveReloadServer       : LiveReload server is running on port 35729
2024-05-25T12:22:17.530+05:30  INFO 15088 --- [restartedMain] o.s.b.w.embedded.tomcat.TomcatWebServer  : Tomcat started on port 8443 (http) with context path ''
2024-05-25T12:22:17.562+05:30  INFO 15088 --- [restartedMain] com.example.demo.DemoApplication         : Started DemoApplication in 15.107 seconds (process running for 16.31)
2024-05-25T12:22:17.573+05:30  INFO 15088 --- [restartedMain] com.example.demo.DemoApplication         : This is an info message
2024-05-25T12:22:17.577+05:30  WARN 15088 --- [restartedMain] com.example.demo.DemoApplication         : This is a warn message
2024-05-25T12:22:17.580+05:30 ERROR 15088 --- [restartedMain] com.example.demo.DemoApplication         : This is an error message
2024-05-25T12:24:21.637+05:30  INFO 15260 --- [restartedMain] com.example.demo.DemoApplication         : Starting DemoApplication using Java 17.0.4.1 with PID 15260 (C:\Users\admin\git\marketindicators\demo\target\classes started by admin in C:\Users\admin\git\marketindicators\demo)
2024-05-25T12:24:21.664+05:30  INFO 15260 --- [restartedMain] com.example.demo.DemoApplication         : No active profile set, falling back to 1 default profile: "default"
2024-05-25T12:24:21.833+05:30  INFO 15260 --- [restartedMain] .e.DevToolsPropertyDefaultsPostProcessor : Devtools property defaults active! Set 'spring.devtools.add-properties' to 'false' to disable
2024-05-25T12:24:21.834+05:30  INFO 15260 --- [restartedMain] .e.DevToolsPropertyDefaultsPostProcessor : For additional web related logging consider setting the 'logging.level.web' property to 'DEBUG'
2024-05-25T12:24:23.522+05:30  INFO 15260 --- [restartedMain] .s.d.r.c.RepositoryConfigurationDelegate : Bootstrapping Spring Data JPA repositories in DEFAULT mode.
2024-05-25T12:24:23.705+05:30  INFO 15260 --- [restartedMain] .s.d.r.c.RepositoryConfigurationDelegate : Finished Spring Data repository scanning in 158 ms. Found 6 JPA repository interfaces.
2024-05-25T12:24:25.581+05:30  INFO 15260 --- [restartedMain] o.s.b.w.embedded.tomcat.TomcatWebServer  : Tomcat initialized with port 8443 (http)
2024-05-25T12:24:25.611+05:30  INFO 15260 --- [restartedMain] o.apache.catalina.core.StandardService   : Starting service [Tomcat]
2024-05-25T12:24:25.615+05:30  INFO 15260 --- [restartedMain] o.apache.catalina.core.StandardEngine    : Starting Servlet engine: [Apache Tomcat/10.1.20]
2024-05-25T12:24:26.222+05:30  INFO 15260 --- [restartedMain] org.apache.jasper.servlet.TldScanner     : At least one JAR was scanned for TLDs yet contained no TLDs. Enable debug logging for this logger for a complete list of JARs that were scanned but no TLDs were found in them. Skipping unneeded JARs during scanning can improve startup time and JSP compilation time.
2024-05-25T12:24:26.240+05:30  INFO 15260 --- [restartedMain] o.a.c.c.C.[Tomcat].[localhost].[/]       : Initializing Spring embedded WebApplicationContext
2024-05-25T12:24:26.242+05:30  INFO 15260 --- [restartedMain] w.s.c.ServletWebServerApplicationContext : Root WebApplicationContext: initialization completed in 4406 ms
2024-05-25T12:24:26.662+05:30  INFO 15260 --- [restartedMain] o.hibernate.jpa.internal.util.LogHelper  : HHH000204: Processing PersistenceUnitInfo [name: default]
2024-05-25T12:24:26.779+05:30  INFO 15260 --- [restartedMain] org.hibernate.Version                    : HHH000412: Hibernate ORM core version 6.4.4.Final
2024-05-25T12:24:26.880+05:30  INFO 15260 --- [restartedMain] o.h.c.internal.RegionFactoryInitiator    : HHH000026: Second-level cache disabled
2024-05-25T12:24:27.463+05:30  INFO 15260 --- [restartedMain] o.s.o.j.p.SpringPersistenceUnitInfo      : No LoadTimeWeaver setup: ignoring JPA class transformer
2024-05-25T12:24:27.519+05:30  INFO 15260 --- [restartedMain] com.zaxxer.hikari.HikariDataSource       : HikariPool-1 - Starting...
2024-05-25T12:24:28.060+05:30  INFO 15260 --- [restartedMain] com.zaxxer.hikari.pool.HikariPool        : HikariPool-1 - Added connection com.mysql.cj.jdbc.ConnectionImpl@527b235
2024-05-25T12:24:28.066+05:30  INFO 15260 --- [restartedMain] com.zaxxer.hikari.HikariDataSource       : HikariPool-1 - Start completed.
2024-05-25T12:24:30.501+05:30  INFO 15260 --- [restartedMain] o.h.e.t.j.p.i.JtaPlatformInitiator       : HHH000489: No JTA platform available (set 'hibernate.transaction.jta.platform' to enable JTA platform integration)
2024-05-25T12:24:30.681+05:30  INFO 15260 --- [restartedMain] j.LocalContainerEntityManagerFactoryBean : Initialized JPA EntityManagerFactory for persistence unit 'default'
2024-05-25T12:24:31.550+05:30  INFO 15260 --- [restartedMain] o.s.d.j.r.query.QueryEnhancerFactory     : Hibernate is in classpath; If applicable, HQL parser will be used.
2024-05-25T12:24:32.937+05:30  WARN 15260 --- [restartedMain] JpaBaseConfiguration$JpaWebConfiguration : spring.jpa.open-in-view is enabled by default. Therefore, database queries may be performed during view rendering. Explicitly configure spring.jpa.open-in-view to disable this warning
2024-05-25T12:24:33.156+05:30 DEBUG 15260 --- [restartedMain] s.w.s.m.m.a.RequestMappingHandlerMapping : 18 mappings in 'requestMappingHandlerMapping'
2024-05-25T12:24:33.379+05:30 DEBUG 15260 --- [restartedMain] o.s.w.s.handler.SimpleUrlHandlerMapping  : Patterns [/webjars/**, /static/**] in 'resourceHandlerMapping'
2024-05-25T12:24:33.471+05:30 DEBUG 15260 --- [restartedMain] s.w.s.m.m.a.RequestMappingHandlerAdapter : ControllerAdvice beans: 0 @ModelAttribute, 0 @InitBinder, 1 RequestBodyAdvice, 1 ResponseBodyAdvice
2024-05-25T12:24:33.547+05:30 DEBUG 15260 --- [restartedMain] .m.m.a.ExceptionHandlerExceptionResolver : ControllerAdvice beans: 0 @ExceptionHandler, 1 ResponseBodyAdvice
2024-05-25T12:24:34.127+05:30  INFO 15260 --- [restartedMain] o.s.b.d.a.OptionalLiveReloadServer       : LiveReload server is running on port 35729
2024-05-25T12:24:34.227+05:30  INFO 15260 --- [restartedMain] o.s.b.w.embedded.tomcat.TomcatWebServer  : Tomcat started on port 8443 (http) with context path ''
2024-05-25T12:24:34.268+05:30  INFO 15260 --- [restartedMain] com.example.demo.DemoApplication         : Started DemoApplication in 13.564 seconds (process running for 14.781)
2024-05-25T12:24:34.278+05:30  INFO 15260 --- [restartedMain] com.example.demo.DemoApplication         : This is an info message
2024-05-25T12:24:34.284+05:30  WARN 15260 --- [restartedMain] com.example.demo.DemoApplication         : This is a warn message
2024-05-25T12:24:34.287+05:30 ERROR 15260 --- [restartedMain] com.example.demo.DemoApplication         : This is an error message
